<?xml version="1.0" encoding="UTF-8"?>
<testng-results skipped="0" failed="0" ignored="0" total="1" passed="1">
  <reporter-output>
  </reporter-output>
  <suite name="Default suite" duration-ms="46094" started-at="2020-04-30T20:27:48Z" finished-at="2020-04-30T20:28:34Z">
    <groups>
    </groups>
    <test name="Default test" duration-ms="46094" started-at="2020-04-30T20:27:48Z" finished-at="2020-04-30T20:28:34Z">
      <class name="hybridTestCases.Hybrid_Example_6">
        <test-method status="PASS" signature="setUp()[pri:0, instance:hybridTestCases.Hybrid_Example_6@2758fe70]" name="setUp" is-config="true" duration-ms="13608" started-at="2020-04-30T20:27:48Z" finished-at="2020-04-30T20:28:01Z">
          <reporter-output>
          </reporter-output>
        </test-method> <!-- setUp -->
        <test-method status="PASS" signature="executeTest()[pri:0, instance:hybridTestCases.Hybrid_Example_6@2758fe70]" name="executeTest" duration-ms="32464" started-at="2020-04-30T20:28:01Z" finished-at="2020-04-30T20:28:34Z">
          <reporter-output>
          </reporter-output>
        </test-method> <!-- executeTest -->
      </class> <!-- hybridTestCases.Hybrid_Example_6 -->
    </test> <!-- Default test -->
  </suite> <!-- Default suite -->
</testng-results>
